<?xml version="1.0" encoding="UTF-8"?>
<!-- Generated by org.testng.reporters.JUnitReportReporter -->
<testsuite hostname="Ideapad" failures="0" tests="1" name="org.onlinemart.tests.LoginPageTest" time="3.686" errors="0" timestamp="2025-01-06T00:12:19 IST" skipped="0">
  <testcase classname="org.onlinemart.tests.LoginPageTest" name="validateLogin" time="3.686"/>
</testsuite> <!-- org.onlinemart.tests.LoginPageTest -->
